  cShader.cpp
  cShaderManager.cpp
  cBasicFlyCamera.cpp
  C24BitBMPpixel.cpp
  cBasicTextureManager.cpp
  CTextureFromBMP.cpp
  cHoverTank.cpp
  cJetPack.cpp
  cLightHelper.cpp
  cLightManager.cpp
  cMonster.cpp
  cPhysics.cpp
  cRailGun.cpp
  cSheild.cpp
  cSuperTank.cpp
  cSword.cpp
  cTank.cpp
  cTankBuilder.cpp
  cTankFactory.cpp
  cVAOManager.cpp
C:\Users\d7sha\Desktop\New folder\NoodleNexus\NoodleNexus\cVAOManager\cVAOManager.cpp(525,17): warning C4101: 'a': unreferenced local variable
C:\Users\d7sha\Desktop\New folder\NoodleNexus\NoodleNexus\cVAOManager\cVAOManager.cpp(525,14): warning C4101: 'b': unreferenced local variable
C:\Users\d7sha\Desktop\New folder\NoodleNexus\NoodleNexus\cVAOManager\cVAOManager.cpp(525,11): warning C4101: 'g': unreferenced local variable
C:\Users\d7sha\Desktop\New folder\NoodleNexus\NoodleNexus\cVAOManager\cVAOManager.cpp(525,8): warning C4101: 'r': unreferenced local variable
  Generating Code...
  Compiling...
  mouse_keyboard_async.cpp
  PlyFileLoaders.cpp
  RenderCall.cpp
  sharedThings.cpp
  theMain.cpp
C:\Program Files (x86)\Windows Kits\10\Include\10.0.22621.0\shared\minwindef.h(130,9): warning C4005: 'APIENTRY': macro redefinition
  (compiling source file 'theMain.cpp')
      C:\Users\d7sha\Desktop\New folder\NoodleNexus\NoodleNexus\include\glad\glad.h(32,9):
      see previous definition of 'APIENTRY'
  
C:\Users\d7sha\Desktop\New folder\NoodleNexus\NoodleNexus\theMain.cpp(1143,32): warning C4244: '=': conversion from 'double' to 'float', possible loss of data
C:\Users\d7sha\Desktop\New folder\NoodleNexus\NoodleNexus\theMain.cpp(1028,8): warning C4101: 'botDistance': unreferenced local variable
C:\Users\d7sha\Desktop\New folder\NoodleNexus\NoodleNexus\theMain.cpp(1031,12): warning C4101: 'fireDirection': unreferenced local variable
C:\Users\d7sha\Desktop\New folder\NoodleNexus\NoodleNexus\theMain.cpp(1032,9): warning C4101: 'pProjectile': unreferenced local variable
  Generating Code...
  glad.c
  NoodleNexus.vcxproj -> C:\Users\d7sha\Desktop\New folder\NoodleNexus\x64\Debug\NoodleNexus.exe
  'pwsh.exe' is not recognized as an internal or external command,
  operable program or batch file.
